<?xml version="1.0" encoding="UTF-8"?>
<testsuite name="User Registration" tests="1" skipped="0" failures="0" errors="0" timestamp="2021-10-14T16:49:27" hostname="DESKTOP-BURJ5VJ" time="58.788">
  <properties/>
  <testcase name="User wants to register in a mobile app" classname="User Registration" time="58.788"/>
  <system-out><![CDATA[    ?[32mGiven ?[0m?[32mUser is in the app?[0m                       ?[90m# SelendroidFormStepDefinitions.user_is_in_the_app()?[0m
    ?[32mWhen ?[0m?[32mUser wants to register in Selendroid?[0m      ?[90m# SelendroidFormStepDefinitions.user_wants_to_register_in_selendroid()?[0m
    ?[32mThen ?[0m?[32mRegistration should be successfully?[0m       ?[90m# SelendroidFormStepDefinitions.registration_should_be_successfully()?[0m
]]></system-out>
  <system-err><![CDATA[oct 14, 2021 11:50:00 AM io.appium.java_client.remote.AppiumCommandExecutor$1 lambda$0
INFORMACIÓN: Detected dialect: OSS
[Test worker] INFO net.thucydides.core.steps.ConsoleLoggingListener - 
        __    _____ _____ ____ _____   ____   _    ____  ____  _____ ____  
  _     \ \  |_   _| ____/ ___|_   _| |  _ \ / \  / ___|/ ___|| ____|  _ \ 
 (_)_____| |   | | |  _| \___ \ | |   | |_) / _ \ \___ \\___ \|  _| | | | |
  _|_____| |   | | | |___ ___) || |   |  __/ ___ \ ___) |___) | |___| |_| |
 (_)     | |   |_| |_____|____/ |_|   |_| /_/   \_\____/|____/|_____|____/ 
        /_/                                                                

TEST PASSED: User wants to register in a mobile app
----------------------------------------------------------------------------
]]></system-err>
</testsuite>
